[2025-06-11 05:59:54] [36mdebug[39m : [36m✅ Connected to database via Prisma[39m
[2025-06-11 05:59:54] [36mdebug[39m : [36m🚀 App started in development mode on port 2017[39m
[2025-06-11 06:01:52] [32minfo[39m : [32m%%%%%%%%%%%%%%%%%%%%%%%%%%%%%%%%%%%%%%[39m
[2025-06-11 06:01:52] [32minfo[39m : [32mheaders --> {[39m
[32m  "content-type": "application/json",[39m
[32m  "user-agent": "PostmanRuntime/7.44.0",[39m
[32m  "accept": "*/*",[39m
[32m  "postman-token": "35e48454-1267-4260-a403-9c6cc5a27437",[39m
[32m  "host": "localhost:2017",[39m
[32m  "accept-encoding": "gzip, deflate, br",[39m
[32m  "connection": "keep-alive",[39m
[32m  "content-length": "496"[39m
[32m}[39m
[2025-06-11 06:01:52] [32minfo[39m : [32mbody --> [object Object][39m
[2025-06-11 06:01:52] [31m[1merror[22m[39m : [31m[1m[Handled] Route not found[22m[39m
[2025-06-11 06:01:52] [35mhttp[39m : [35m[35mPOST[35m [37m/api/v1/branches[35m [33m404[35m [90m4.125 ms[35m[39m
[2025-06-11 06:13:16] [36mdebug[39m : [36m✅ Connected to database via Prisma[39m
[2025-06-11 06:13:16] [36mdebug[39m : [36m🚀 App started in development mode on port 2017[39m
[2025-06-11 06:13:25] [32minfo[39m : [32m%%%%%%%%%%%%%%%%%%%%%%%%%%%%%%%%%%%%%%[39m
[2025-06-11 06:13:25] [32minfo[39m : [32mheaders --> {[39m
[32m  "content-type": "application/json",[39m
[32m  "user-agent": "PostmanRuntime/7.44.0",[39m
[32m  "accept": "*/*",[39m
[32m  "postman-token": "6fcb4d10-2b7c-438f-8f02-925767a09678",[39m
[32m  "host": "localhost:2017",[39m
[32m  "accept-encoding": "gzip, deflate, br",[39m
[32m  "connection": "keep-alive",[39m
[32m  "content-length": "496"[39m
[32m}[39m
[2025-06-11 06:13:25] [32minfo[39m : [32mbody --> [object Object][39m
[2025-06-11 06:13:25] [31m[1merror[22m[39m : [31m[1m[Handled] Invalid request: 'branches' must be a non-empty array[22m[39m
[2025-06-11 06:13:25] [35mhttp[39m : [35m[35mPOST[35m [37m/api/v1/branches[35m [33m400[35m [90m3.951 ms[35m[39m
[2025-06-11 06:15:55] [32minfo[39m : [32m%%%%%%%%%%%%%%%%%%%%%%%%%%%%%%%%%%%%%%[39m
[2025-06-11 06:15:55] [32minfo[39m : [32mheaders --> {[39m
[32m  "content-type": "text/plain",[39m
[32m  "user-agent": "PostmanRuntime/7.44.0",[39m
[32m  "accept": "*/*",[39m
[32m  "postman-token": "cbe1838f-2623-4567-b242-7286a1c2c150",[39m
[32m  "host": "localhost:2017",[39m
[32m  "accept-encoding": "gzip, deflate, br",[39m
[32m  "connection": "keep-alive",[39m
[32m  "content-length": "448"[39m
[32m}[39m
[2025-06-11 06:15:55] [32minfo[39m : [32mquery --> {[39m
[32m  "page": "1",[39m
[32m  "limit": "10",[39m
[32m  "serviceId": "7beb345d-c6ee-4a48-b1b8-d33bf1c8aaf4"[39m
[32m}[39m
[2025-06-11 06:15:55] [31m[1merror[22m[39m : [31m[1m[Handled] Route not found[22m[39m
[2025-06-11 06:15:55] [35mhttp[39m : [35m[35mGET[35m [37m/api/v1/specialists?page=1&limit=10&serviceId=7beb345d-c6ee-4a48-b1b8-d33bf1c8aaf4[35m [33m404[35m [90m0.882 ms[35m[39m
[2025-06-11 06:16:28] [32minfo[39m : [32m%%%%%%%%%%%%%%%%%%%%%%%%%%%%%%%%%%%%%%[39m
[2025-06-11 06:16:28] [32minfo[39m : [32mheaders --> {[39m
[32m  "content-type": "text/plain",[39m
[32m  "user-agent": "PostmanRuntime/7.44.0",[39m
[32m  "accept": "*/*",[39m
[32m  "postman-token": "f12586a7-0cff-4364-ab4f-405dd176a937",[39m
[32m  "host": "localhost:2017",[39m
[32m  "accept-encoding": "gzip, deflate, br",[39m
[32m  "connection": "keep-alive",[39m
[32m  "content-length": "448"[39m
[32m}[39m
[2025-06-11 06:16:28] [31m[1merror[22m[39m : [31m[1m[Handled] Route not found[22m[39m
[2025-06-11 06:16:28] [35mhttp[39m : [35m[35mGET[35m [37m/api/v1/specialists[35m [33m404[35m [90m0.798 ms[35m[39m
[2025-06-11 06:17:06] [32minfo[39m : [32m%%%%%%%%%%%%%%%%%%%%%%%%%%%%%%%%%%%%%%[39m
[2025-06-11 06:17:06] [32minfo[39m : [32mheaders --> {[39m
[32m  "content-type": "text/plain",[39m
[32m  "user-agent": "PostmanRuntime/7.44.0",[39m
[32m  "accept": "*/*",[39m
[32m  "postman-token": "9d109f16-a0e7-407b-837c-2c9e6c7c889a",[39m
[32m  "host": "localhost:2017",[39m
[32m  "accept-encoding": "gzip, deflate, br",[39m
[32m  "connection": "keep-alive",[39m
[32m  "content-length": "448"[39m
[32m}[39m
[2025-06-11 06:17:06] [35mhttp[39m : [35m[35mGET[35m [37m/api/v1[35m [32m200[35m [90m0.547 ms[35m[39m
[2025-06-11 06:17:20] [32minfo[39m : [32m%%%%%%%%%%%%%%%%%%%%%%%%%%%%%%%%%%%%%%[39m
[2025-06-11 06:17:20] [32minfo[39m : [32mheaders --> {[39m
[32m  "content-type": "text/plain",[39m
[32m  "user-agent": "PostmanRuntime/7.44.0",[39m
[32m  "accept": "*/*",[39m
[32m  "postman-token": "b684e9ab-6a65-4e7a-9222-a3607e25744f",[39m
[32m  "host": "localhost:2017",[39m
[32m  "accept-encoding": "gzip, deflate, br",[39m
[32m  "connection": "keep-alive",[39m
[32m  "content-length": "448"[39m
[32m}[39m
[2025-06-11 06:17:20] [31m[1merror[22m[39m : [31m[1m[Handled] Route not found[22m[39m
[2025-06-11 06:17:20] [35mhttp[39m : [35m[35mGET[35m [37m/api/v1/specialists[35m [33m404[35m [90m0.794 ms[35m[39m
[2025-06-11 06:17:52] [32minfo[39m : [32m%%%%%%%%%%%%%%%%%%%%%%%%%%%%%%%%%%%%%%[39m
[2025-06-11 06:17:52] [32minfo[39m : [32mheaders --> {[39m
[32m  "content-type": "text/plain",[39m
[32m  "user-agent": "PostmanRuntime/7.44.0",[39m
[32m  "accept": "*/*",[39m
[32m  "postman-token": "841e60d0-6cbc-4976-baad-eb92aaa98b16",[39m
[32m  "host": "localhost:2017",[39m
[32m  "accept-encoding": "gzip, deflate, br",[39m
[32m  "connection": "keep-alive",[39m
[32m  "content-length": "448"[39m
[32m}[39m
[2025-06-11 06:17:52] [31m[1merror[22m[39m : [31m[1m[Handled] Route not found[22m[39m
[2025-06-11 06:17:52] [35mhttp[39m : [35m[35mGET[35m [37m/api/v1/specialists[35m [33m404[35m [90m0.671 ms[35m[39m
[2025-06-11 06:22:41] [32minfo[39m : [32m%%%%%%%%%%%%%%%%%%%%%%%%%%%%%%%%%%%%%%[39m
[2025-06-11 06:22:41] [32minfo[39m : [32mheaders --> {[39m
[32m  "content-type": "text/plain",[39m
[32m  "user-agent": "PostmanRuntime/7.44.0",[39m
[32m  "accept": "*/*",[39m
[32m  "postman-token": "5dfcdf54-0938-40da-838b-9cfe46644a9c",[39m
[32m  "host": "localhost:2017",[39m
[32m  "accept-encoding": "gzip, deflate, br",[39m
[32m  "connection": "keep-alive",[39m
[32m  "content-length": "448"[39m
[32m}[39m
[2025-06-11 06:22:41] [31m[1merror[22m[39m : [31m[1m[Handled] Route not found[22m[39m
[2025-06-11 06:22:41] [35mhttp[39m : [35m[35mGET[35m [37m/api/v1/specialists[35m [33m404[35m [90m0.951 ms[35m[39m
[2025-06-11 06:22:56] [32minfo[39m : [32m%%%%%%%%%%%%%%%%%%%%%%%%%%%%%%%%%%%%%%[39m
[2025-06-11 06:22:56] [32minfo[39m : [32mheaders --> {[39m
[32m  "user-agent": "PostmanRuntime/7.44.0",[39m
[32m  "accept": "*/*",[39m
[32m  "postman-token": "6ef29895-cdfb-47fb-bf60-758878514e0b",[39m
[32m  "host": "localhost:2017",[39m
[32m  "accept-encoding": "gzip, deflate, br",[39m
[32m  "connection": "keep-alive"[39m
[32m}[39m
[2025-06-11 06:22:56] [32minfo[39m : [32mquery --> {[39m
[32m  "term": "ikeja",[39m
[32m  "page": "1",[39m
[32m  "limit": "10"[39m
[32m}[39m
[2025-06-11 06:22:56] [35mhttp[39m : [35m[35mGET[35m [37m/api/v1/branches?term=ikeja&page=1&limit=10[35m [33m400[35m [90m1.765 ms[35m[39m
[2025-06-11 06:24:01] [36mdebug[39m : [36m✅ Connected to database via Prisma[39m
[2025-06-11 06:24:01] [36mdebug[39m : [36m🚀 App started in development mode on port 2017[39m
[2025-06-11 06:24:10] [36mdebug[39m : [36m✅ Connected to database via Prisma[39m
[2025-06-11 06:24:10] [36mdebug[39m : [36m🚀 App started in development mode on port 2017[39m
[2025-06-11 06:24:21] [32minfo[39m : [32m%%%%%%%%%%%%%%%%%%%%%%%%%%%%%%%%%%%%%%[39m
[2025-06-11 06:24:21] [32minfo[39m : [32mheaders --> {[39m
[32m  "user-agent": "PostmanRuntime/7.44.0",[39m
[32m  "accept": "*/*",[39m
[32m  "postman-token": "6ddc35a2-a2d0-4827-88ee-6b8395c3e8d5",[39m
[32m  "host": "localhost:2017",[39m
[32m  "accept-encoding": "gzip, deflate, br",[39m
[32m  "connection": "keep-alive"[39m
[32m}[39m
[2025-06-11 06:24:21] [32minfo[39m : [32mquery --> {[39m
[32m  "term": "ikeja",[39m
[32m  "page": "1",[39m
[32m  "limit": "10"[39m
[32m}[39m
[2025-06-11 06:24:21] [35mhttp[39m : [35m[35mGET[35m [37m/api/v1/branches?term=ikeja&page=1&limit=10[35m [33m400[35m [90m4.863 ms[35m[39m
[2025-06-11 06:24:35] [32minfo[39m : [32m%%%%%%%%%%%%%%%%%%%%%%%%%%%%%%%%%%%%%%[39m
[2025-06-11 06:24:35] [32minfo[39m : [32mheaders --> {[39m
[32m  "user-agent": "PostmanRuntime/7.44.0",[39m
[32m  "accept": "*/*",[39m
[32m  "postman-token": "f388c839-600d-416c-b17c-860bde589826",[39m
[32m  "host": "localhost:2017",[39m
[32m  "accept-encoding": "gzip, deflate, br",[39m
[32m  "connection": "keep-alive"[39m
[32m}[39m
[2025-06-11 06:24:35] [32minfo[39m : [32mquery --> {[39m
[32m  "page": "1",[39m
[32m  "limit": "10"[39m
[32m}[39m
[2025-06-11 06:24:35] [35mhttp[39m : [35m[35mGET[35m [37m/api/v1/branches?page=1&limit=10[35m [33m400[35m [90m0.774 ms[35m[39m
[2025-06-11 06:24:42] [32minfo[39m : [32m%%%%%%%%%%%%%%%%%%%%%%%%%%%%%%%%%%%%%%[39m
[2025-06-11 06:24:42] [32minfo[39m : [32mheaders --> {[39m
[32m  "user-agent": "PostmanRuntime/7.44.0",[39m
[32m  "accept": "*/*",[39m
[32m  "postman-token": "7521f3a4-d7b2-4b4b-9e10-0a9db6c5e756",[39m
[32m  "host": "localhost:2017",[39m
[32m  "accept-encoding": "gzip, deflate, br",[39m
[32m  "connection": "keep-alive"[39m
[32m}[39m
[2025-06-11 06:24:42] [35mhttp[39m : [35m[35mGET[35m [37m/api/v1/branches[35m [33m400[35m [90m0.455 ms[35m[39m
[2025-06-11 06:29:22] [36mdebug[39m : [36m✅ Connected to database via Prisma[39m
[2025-06-11 06:29:22] [36mdebug[39m : [36m🚀 App started in development mode on port 2017[39m
[2025-06-11 06:30:17] [32minfo[39m : [32m%%%%%%%%%%%%%%%%%%%%%%%%%%%%%%%%%%%%%%[39m
[2025-06-11 06:30:17] [32minfo[39m : [32mheaders --> {[39m
[32m  "user-agent": "PostmanRuntime/7.44.0",[39m
[32m  "accept": "*/*",[39m
[32m  "postman-token": "f9a731e8-9b44-42b5-abe3-42e5fbade8c3",[39m
[32m  "host": "localhost:2017",[39m
[32m  "accept-encoding": "gzip, deflate, br",[39m
[32m  "connection": "keep-alive"[39m
[32m}[39m
[2025-06-11 06:30:17] [31m[1merror[22m[39m : [31m[1m[Unhandled] Cannot set property query of #<IncomingMessage> which has only a getter - Cannot set property query of #<IncomingMessage> which has only a getter[22m[39m
[2025-06-11 06:30:17] [35mhttp[39m : [35m[35mGET[35m [37m/api/v1/branches[35m [31m500[35m [90m8.163 ms[35m[39m
[2025-06-11 06:30:42] [32minfo[39m : [32m%%%%%%%%%%%%%%%%%%%%%%%%%%%%%%%%%%%%%%[39m
[2025-06-11 06:30:42] [32minfo[39m : [32mheaders --> {[39m
[32m  "user-agent": "PostmanRuntime/7.44.0",[39m
[32m  "accept": "*/*",[39m
[32m  "postman-token": "08e0bcbf-77f8-4531-9a13-60685bcdc9ee",[39m
[32m  "host": "localhost:2017",[39m
[32m  "accept-encoding": "gzip, deflate, br",[39m
[32m  "connection": "keep-alive"[39m
[32m}[39m
[2025-06-11 06:30:42] [32minfo[39m : [32mquery --> {[39m
[32m  "page": "1",[39m
[32m  "limit": "10"[39m
[32m}[39m
[2025-06-11 06:30:42] [35mhttp[39m : [35m[35mGET[35m [37m/api/v1/branches?page=1&limit=10[35m [33m400[35m [90m1.218 ms[35m[39m
[2025-06-11 06:31:40] [36mdebug[39m : [36m✅ Connected to database via Prisma[39m
[2025-06-11 06:31:40] [36mdebug[39m : [36m🚀 App started in development mode on port 2017[39m
[2025-06-11 06:31:54] [36mdebug[39m : [36m✅ Connected to database via Prisma[39m
[2025-06-11 06:31:54] [36mdebug[39m : [36m🚀 App started in development mode on port 2017[39m
[2025-06-11 06:31:59] [32minfo[39m : [32m%%%%%%%%%%%%%%%%%%%%%%%%%%%%%%%%%%%%%%[39m
[2025-06-11 06:31:59] [32minfo[39m : [32mheaders --> {[39m
[32m  "user-agent": "PostmanRuntime/7.44.0",[39m
[32m  "accept": "*/*",[39m
[32m  "postman-token": "bdf58673-336a-40b3-9e7b-369c2c70da68",[39m
[32m  "host": "localhost:2017",[39m
[32m  "accept-encoding": "gzip, deflate, br",[39m
[32m  "connection": "keep-alive"[39m
[32m}[39m
[2025-06-11 06:31:59] [32minfo[39m : [32mquery --> {[39m
[32m  "page": "1",[39m
[32m  "limit": "10"[39m
[32m}[39m
[2025-06-11 06:31:59] [31m[1merror[22m[39m : [31m[1m[Unhandled] Cannot set property query of #<IncomingMessage> which has only a getter - Cannot set property query of #<IncomingMessage> which has only a getter[22m[39m
[2025-06-11 06:31:59] [35mhttp[39m : [35m[35mGET[35m [37m/api/v1/branches?page=1&limit=10[35m [31m500[35m [90m7.972 ms[35m[39m
[2025-06-11 06:33:42] [36mdebug[39m : [36m✅ Connected to database via Prisma[39m
[2025-06-11 06:33:42] [36mdebug[39m : [36m🚀 App started in development mode on port 2017[39m
[2025-06-11 06:35:45] [36mdebug[39m : [36m✅ Connected to database via Prisma[39m
[2025-06-11 06:35:45] [36mdebug[39m : [36m🚀 App started in development mode on port 2017[39m
[2025-06-11 06:35:58] [32minfo[39m : [32m%%%%%%%%%%%%%%%%%%%%%%%%%%%%%%%%%%%%%%[39m
[2025-06-11 06:35:58] [32minfo[39m : [32mheaders --> {[39m
[32m  "user-agent": "PostmanRuntime/7.44.0",[39m
[32m  "accept": "*/*",[39m
[32m  "postman-token": "79fa3e64-2e57-4f73-9a55-815a99ddef26",[39m
[32m  "host": "localhost:2017",[39m
[32m  "accept-encoding": "gzip, deflate, br",[39m
[32m  "connection": "keep-alive"[39m
[32m}[39m
[2025-06-11 06:35:58] [32minfo[39m : [32mquery --> {[39m
[32m  "page": "1",[39m
[32m  "limit": "10"[39m
[32m}[39m
[2025-06-11 06:35:58] [35mhttp[39m : [35m[35mGET[35m [37m/api/v1/branches?page=1&limit=10[35m [32m200[35m [90m196.792 ms[35m[39m
[2025-06-11 06:36:08] [32minfo[39m : [32m%%%%%%%%%%%%%%%%%%%%%%%%%%%%%%%%%%%%%%[39m
[2025-06-11 06:36:08] [32minfo[39m : [32mheaders --> {[39m
[32m  "user-agent": "PostmanRuntime/7.44.0",[39m
[32m  "accept": "*/*",[39m
[32m  "postman-token": "4db7904b-bd84-4f02-813c-1d8aaad5ea70",[39m
[32m  "host": "localhost:2017",[39m
[32m  "accept-encoding": "gzip, deflate, br",[39m
[32m  "connection": "keep-alive"[39m
[32m}[39m
[2025-06-11 06:36:08] [35mhttp[39m : [35m[35mGET[35m [37m/api/v1/branches[35m [32m200[35m [90m247.129 ms[35m[39m
[2025-06-11 06:36:25] [32minfo[39m : [32m%%%%%%%%%%%%%%%%%%%%%%%%%%%%%%%%%%%%%%[39m
[2025-06-11 06:36:25] [32minfo[39m : [32mheaders --> {[39m
[32m  "user-agent": "PostmanRuntime/7.44.0",[39m
[32m  "accept": "*/*",[39m
[32m  "postman-token": "39d0e998-0f7f-45bb-8c4e-4e4575381ec8",[39m
[32m  "host": "localhost:2017",[39m
[32m  "accept-encoding": "gzip, deflate, br",[39m
[32m  "connection": "keep-alive"[39m
[32m}[39m
[2025-06-11 06:36:25] [32minfo[39m : [32mquery --> {[39m
[32m  "page": "1",[39m
[32m  "limit": "1"[39m
[32m}[39m
[2025-06-11 06:36:25] [31m[1merror[22m[39m : [31m[1m[Handled] Route not found[22m[39m
[2025-06-11 06:36:25] [35mhttp[39m : [35m[35mGET[35m [37m/api/v1/services?page=1&limit=1[35m [33m404[35m [90m1.300 ms[35m[39m
[2025-06-11 06:37:09] [32minfo[39m : [32m%%%%%%%%%%%%%%%%%%%%%%%%%%%%%%%%%%%%%%[39m
[2025-06-11 06:37:09] [32minfo[39m : [32mheaders --> {[39m
[32m  "user-agent": "PostmanRuntime/7.44.0",[39m
[32m  "accept": "*/*",[39m
[32m  "postman-token": "e0d12c0d-07ea-4474-898c-e22c37f21b8b",[39m
[32m  "host": "localhost:2017",[39m
[32m  "accept-encoding": "gzip, deflate, br",[39m
[32m  "connection": "keep-alive"[39m
[32m}[39m
[2025-06-11 06:37:09] [32minfo[39m : [32mquery --> {[39m
[32m  "page": "1",[39m
[32m  "limit": "1"[39m
[32m}[39m
[2025-06-11 06:37:09] [31m[1merror[22m[39m : [31m[1m[Handled] Route not found[22m[39m
[2025-06-11 06:37:09] [35mhttp[39m : [35m[35mGET[35m [37m/api/v1/services?page=1&limit=1[35m [33m404[35m [90m0.751 ms[35m[39m
[2025-06-11 06:37:20] [32minfo[39m : [32m%%%%%%%%%%%%%%%%%%%%%%%%%%%%%%%%%%%%%%[39m
[2025-06-11 06:37:20] [32minfo[39m : [32mheaders --> {[39m
[32m  "user-agent": "PostmanRuntime/7.44.0",[39m
[32m  "accept": "*/*",[39m
[32m  "postman-token": "4f3b2027-75a3-4131-abc1-fb7b3f8f53ea",[39m
[32m  "host": "localhost:2017",[39m
[32m  "accept-encoding": "gzip, deflate, br",[39m
[32m  "connection": "keep-alive"[39m
[32m}[39m
[2025-06-11 06:37:20] [31m[1merror[22m[39m : [31m[1m[Handled] Route not found[22m[39m
[2025-06-11 06:37:20] [35mhttp[39m : [35m[35mGET[35m [37m/api/v1/services[35m [33m404[35m [90m0.898 ms[35m[39m
[2025-06-11 06:37:56] [32minfo[39m : [32m%%%%%%%%%%%%%%%%%%%%%%%%%%%%%%%%%%%%%%[39m
[2025-06-11 06:37:56] [32minfo[39m : [32mheaders --> {[39m
[32m  "content-type": "text/plain",[39m
[32m  "user-agent": "PostmanRuntime/7.44.0",[39m
[32m  "accept": "*/*",[39m
[32m  "postman-token": "33db84a5-98a0-42e9-bb5c-b918ee70141c",[39m
[32m  "host": "localhost:2017",[39m
[32m  "accept-encoding": "gzip, deflate, br",[39m
[32m  "connection": "keep-alive",[39m
[32m  "content-length": "448"[39m
[32m}[39m
[2025-06-11 06:37:56] [31m[1merror[22m[39m : [31m[1m[Handled] Route not found[22m[39m
[2025-06-11 06:37:56] [35mhttp[39m : [35m[35mGET[35m [37m/api/v1/specialists[35m [33m404[35m [90m0.593 ms[35m[39m
[2025-06-11 06:45:40] [36mdebug[39m : [36m✅ Connected to database via Prisma[39m
[2025-06-11 06:45:40] [36mdebug[39m : [36m🚀 App started in development mode on port 2017[39m
[2025-06-11 06:46:13] [36mdebug[39m : [36m✅ Connected to database via Prisma[39m
[2025-06-11 06:46:13] [36mdebug[39m : [36m🚀 App started in development mode on port 2017[39m
[2025-06-11 06:46:25] [32minfo[39m : [32m%%%%%%%%%%%%%%%%%%%%%%%%%%%%%%%%%%%%%%[39m
[2025-06-11 06:46:25] [32minfo[39m : [32mheaders --> {[39m
[32m  "user-agent": "PostmanRuntime/7.44.0",[39m
[32m  "accept": "*/*",[39m
[32m  "postman-token": "b19dafcb-b56c-4fff-992f-f88dace603f4",[39m
[32m  "host": "localhost:2017",[39m
[32m  "accept-encoding": "gzip, deflate, br",[39m
[32m  "connection": "keep-alive"[39m
[32m}[39m
[2025-06-11 06:46:25] [31m[1merror[22m[39m : [31m[1m[Handled] Route not found[22m[39m
[2025-06-11 06:46:25] [35mhttp[39m : [35m[35mGET[35m [37m/api/v1/branches[35m [33m404[35m [90m3.430 ms[35m[39m
[2025-06-11 06:46:46] [36mdebug[39m : [36m✅ Connected to database via Prisma[39m
[2025-06-11 06:46:46] [36mdebug[39m : [36m🚀 App started in development mode on port 2017[39m
[2025-06-11 06:46:53] [32minfo[39m : [32m%%%%%%%%%%%%%%%%%%%%%%%%%%%%%%%%%%%%%%[39m
[2025-06-11 06:46:53] [32minfo[39m : [32mheaders --> {[39m
[32m  "user-agent": "PostmanRuntime/7.44.0",[39m
[32m  "accept": "*/*",[39m
[32m  "postman-token": "e2917d78-1985-4bd6-aa3e-1d73528dca4c",[39m
[32m  "host": "localhost:2017",[39m
[32m  "accept-encoding": "gzip, deflate, br",[39m
[32m  "connection": "keep-alive"[39m
[32m}[39m
[2025-06-11 06:46:53] [35mhttp[39m : [35m[35mGET[35m [37m/api/v1/branches[35m [32m200[35m [90m14.030 ms[35m[39m
[2025-06-11 06:47:03] [32minfo[39m : [32m%%%%%%%%%%%%%%%%%%%%%%%%%%%%%%%%%%%%%%[39m
[2025-06-11 06:47:03] [32minfo[39m : [32mheaders --> {[39m
[32m  "user-agent": "PostmanRuntime/7.44.0",[39m
[32m  "accept": "*/*",[39m
[32m  "postman-token": "fe9177eb-06ab-4586-a439-a69ef09c03ee",[39m
[32m  "host": "localhost:2017",[39m
[32m  "accept-encoding": "gzip, deflate, br",[39m
[32m  "connection": "keep-alive"[39m
[32m}[39m
[2025-06-11 06:47:03] [32minfo[39m : [32mquery --> {[39m
[32m  "term": "ikeja",[39m
[32m  "page": "1",[39m
[32m  "limit": "10"[39m
[32m}[39m
[2025-06-11 06:47:03] [35mhttp[39m : [35m[35mGET[35m [37m/api/v1/branches?term=ikeja&page=1&limit=10[35m [32m200[35m [90m12.912 ms[35m[39m
[2025-06-11 06:47:43] [36mdebug[39m : [36m✅ Connected to database via Prisma[39m
[2025-06-11 06:47:43] [36mdebug[39m : [36m🚀 App started in development mode on port 2017[39m
[2025-06-11 06:48:45] [36mdebug[39m : [36m✅ Connected to database via Prisma[39m
[2025-06-11 06:48:45] [36mdebug[39m : [36m🚀 App started in development mode on port 2017[39m
[2025-06-11 06:48:56] [32minfo[39m : [32m%%%%%%%%%%%%%%%%%%%%%%%%%%%%%%%%%%%%%%[39m
[2025-06-11 06:48:56] [32minfo[39m : [32mheaders --> {[39m
[32m  "user-agent": "PostmanRuntime/7.44.0",[39m
[32m  "accept": "*/*",[39m
[32m  "postman-token": "a5faf23d-a188-48d8-a679-24fe98b85518",[39m
[32m  "host": "localhost:2017",[39m
[32m  "accept-encoding": "gzip, deflate, br",[39m
[32m  "connection": "keep-alive"[39m
[32m}[39m
[2025-06-11 06:48:57] [35mhttp[39m : [35m[35mGET[35m [37m/api/v1/services[35m [32m200[35m [90m174.923 ms[35m[39m
[2025-06-11 06:49:04] [32minfo[39m : [32m%%%%%%%%%%%%%%%%%%%%%%%%%%%%%%%%%%%%%%[39m
[2025-06-11 06:49:04] [32minfo[39m : [32mheaders --> {[39m
[32m  "user-agent": "PostmanRuntime/7.44.0",[39m
[32m  "accept": "*/*",[39m
[32m  "postman-token": "fffee2b3-aff4-4712-b5b2-848d393b6416",[39m
[32m  "host": "localhost:2017",[39m
[32m  "accept-encoding": "gzip, deflate, br",[39m
[32m  "connection": "keep-alive"[39m
[32m}[39m
[2025-06-11 06:49:04] [32minfo[39m : [32mquery --> {[39m
[32m  "page": "1",[39m
[32m  "limit": "1"[39m
[32m}[39m
[2025-06-11 06:49:04] [35mhttp[39m : [35m[35mGET[35m [37m/api/v1/services?page=1&limit=1[35m [33m400[35m [90m1.960 ms[35m[39m
[2025-06-11 06:50:53] [36mdebug[39m : [36m✅ Connected to database via Prisma[39m
[2025-06-11 06:50:53] [36mdebug[39m : [36m🚀 App started in development mode on port 2017[39m
[2025-06-11 06:51:24] [32minfo[39m : [32m%%%%%%%%%%%%%%%%%%%%%%%%%%%%%%%%%%%%%%[39m
[2025-06-11 06:51:24] [32minfo[39m : [32mheaders --> {[39m
[32m  "user-agent": "PostmanRuntime/7.44.0",[39m
[32m  "accept": "*/*",[39m
[32m  "postman-token": "d4a74246-2c65-413e-a67f-07e63300f98d",[39m
[32m  "host": "localhost:2017",[39m
[32m  "accept-encoding": "gzip, deflate, br",[39m
[32m  "connection": "keep-alive"[39m
[32m}[39m
[2025-06-11 06:51:24] [32minfo[39m : [32mquery --> {[39m
[32m  "page": "1",[39m
[32m  "limit": "1"[39m
[32m}[39m
[2025-06-11 06:51:24] [35mhttp[39m : [35m[35mGET[35m [37m/api/v1/services?page=1&limit=1[35m [32m200[35m [90m74.546 ms[35m[39m
[2025-06-11 06:53:52] [32minfo[39m : [32m%%%%%%%%%%%%%%%%%%%%%%%%%%%%%%%%%%%%%%[39m
[2025-06-11 06:53:52] [32minfo[39m : [32mheaders --> {[39m
[32m  "user-agent": "PostmanRuntime/7.44.0",[39m
[32m  "accept": "*/*",[39m
[32m  "postman-token": "49988ecb-bd8b-4d45-8a82-827e6ddd6c5f",[39m
[32m  "host": "localhost:2017",[39m
[32m  "accept-encoding": "gzip, deflate, br",[39m
[32m  "connection": "keep-alive"[39m
[32m}[39m
[2025-06-11 06:53:52] [32minfo[39m : [32mquery --> {[39m
[32m  "page": "1",[39m
[32m  "limit": "1"[39m
[32m}[39m
[2025-06-11 06:53:52] [35mhttp[39m : [35m[35mGET[35m [37m/api/v1/services?page=1&limit=1[35m [32m200[35m [90m4.771 ms[35m[39m
[2025-06-11 06:54:09] [36mdebug[39m : [36m✅ Connected to database via Prisma[39m
[2025-06-11 06:54:09] [36mdebug[39m : [36m🚀 App started in development mode on port 2017[39m
[2025-06-11 06:55:26] [36mdebug[39m : [36m✅ Connected to database via Prisma[39m
[2025-06-11 06:55:26] [36mdebug[39m : [36m🚀 App started in development mode on port 2017[39m
[2025-06-11 06:55:56] [36mdebug[39m : [36m✅ Connected to database via Prisma[39m
[2025-06-11 06:55:56] [36mdebug[39m : [36m🚀 App started in development mode on port 2017[39m
[2025-06-11 06:56:14] [36mdebug[39m : [36m✅ Connected to database via Prisma[39m
[2025-06-11 06:56:14] [36mdebug[39m : [36m🚀 App started in development mode on port 2017[39m
[2025-06-11 06:56:33] [32minfo[39m : [32m%%%%%%%%%%%%%%%%%%%%%%%%%%%%%%%%%%%%%%[39m
[2025-06-11 06:56:33] [32minfo[39m : [32mheaders --> {[39m
[32m  "content-type": "text/plain",[39m
[32m  "user-agent": "PostmanRuntime/7.44.0",[39m
[32m  "accept": "*/*",[39m
[32m  "postman-token": "05f2bdd7-5b6a-443a-b68c-320f84f0b631",[39m
[32m  "host": "localhost:2017",[39m
[32m  "accept-encoding": "gzip, deflate, br",[39m
[32m  "connection": "keep-alive",[39m
[32m  "content-length": "448"[39m
[32m}[39m
[2025-06-11 06:56:33] [35mhttp[39m : [35m[35mGET[35m [37m/api/v1/specialists[35m [32m200[35m [90m54.936 ms[35m[39m
[2025-06-11 06:56:45] [32minfo[39m : [32m%%%%%%%%%%%%%%%%%%%%%%%%%%%%%%%%%%%%%%[39m
[2025-06-11 06:56:45] [32minfo[39m : [32mheaders --> {[39m
[32m  "content-type": "text/plain",[39m
[32m  "user-agent": "PostmanRuntime/7.44.0",[39m
[32m  "accept": "*/*",[39m
[32m  "postman-token": "ceb307f7-9ad0-4322-bbb4-70f80de104df",[39m
[32m  "host": "localhost:2017",[39m
[32m  "accept-encoding": "gzip, deflate, br",[39m
[32m  "connection": "keep-alive",[39m
[32m  "content-length": "448"[39m
[32m}[39m
[2025-06-11 06:56:45] [32minfo[39m : [32mquery --> {[39m
[32m  "page": "1",[39m
[32m  "limit": "10",[39m
[32m  "term": "Zee morn",[39m
[32m  "serviceId": "7beb345d-c6ee-4a48-b1b8-d33bf1c8aaf4"[39m
[32m}[39m
[2025-06-11 06:56:45] [31m[1merror[22m[39m : [31m[1mError fetching specialists: - [22m[39m
[31m[1mInvalid `prismaService.specialist.findMany()` invocation in[22m[39m
[31m[1mC:\Users\Admin\OneDrive\Documents\service-booking-app\src\specialist\specialist.service.ts:155:34[22m[39m

[31m[1m  152 [22m[39m
[31m[1m  153 const [total, specialists] = await Promise.all([[22m[39m
[31m[1m  154   prismaService.specialist.count({ where: filters }),[22m[39m
[31m[1m→ 155   prismaService.specialist.findMany({[22m[39m
[31m[1m          where: {[22m[39m
[31m[1m            OR: [[22m[39m
[31m[1m              {[22m[39m
[31m[1m                name: {[22m[39m
[31m[1m                  contains: "Zee morn",[22m[39m
[31m[1m                  mode: "insensitive"[22m[39m
[31m[1m                }[22m[39m
[31m[1m              },[22m[39m
[31m[1m              {[22m[39m
[31m[1m                email: {[22m[39m
[31m[1m                  contains: "Zee morn",[22m[39m
[31m[1m                  mode: "insensitive"[22m[39m
[31m[1m                }[22m[39m
[31m[1m              },[22m[39m
[31m[1m              {[22m[39m
[31m[1m                phone: {[22m[39m
[31m[1m                  contains: "Zee morn",[22m[39m
[31m[1m                  mode: "insensitive"[22m[39m
[31m[1m                }[22m[39m
[31m[1m              },[22m[39m
[31m[1m              {[22m[39m
[31m[1m                specialties: {[22m[39m
[31m[1m                  some: {[22m[39m
[31m[1m                    category: {[22m[39m
[31m[1m                      name: {[22m[39m
[31m[1m                        contains: "Zee morn",[22m[39m
[31m[1m                        mode: "insensitive"[22m[39m
[31m[1m                      }[22m[39m
[31m[1m                    }[22m[39m
[31m[1m                  }[22m[39m
[31m[1m                }[22m[39m
[31m[1m              }[22m[39m
[31m[1m            ],[22m[39m
[31m[1m            specialties: {[22m[39m
[31m[1m              some: {[22m[39m
[31m[1m                category: {[22m[39m
[31m[1m                  serviceId: "7beb345d-c6ee-4a48-b1b8-d33bf1c8aaf4"[22m[39m
[31m[1m                }[22m[39m
[31m[1m              }[22m[39m
[31m[1m            }[22m[39m
[31m[1m          },[22m[39m
[31m[1m          skip: 0,[22m[39m
[31m[1m          take: "10",[22m[39m
[31m[1m                ~~~~[22m[39m
[31m[1m          orderBy: {[22m[39m
[31m[1m            createdAt: "desc"[22m[39m
[31m[1m          },[22m[39m
[31m[1m          include: {[22m[39m
[31m[1m            specialties: {[22m[39m
[31m[1m              select: {[22m[39m
[31m[1m                id: true,[22m[39m
[31m[1m                category: {[22m[39m
[31m[1m                  select: {[22m[39m
[31m[1m                    id: true,[22m[39m
[31m[1m                    name: true,[22m[39m
[31m[1m                    type: true,[22m[39m
[31m[1m                    price: true,[22m[39m
[31m[1m                    estimatedTime: true,[22m[39m
[31m[1m                    service: {[22m[39m
[31m[1m                      select: {[22m[39m
[31m[1m                        id: true,[22m[39m
[31m[1m                        name: true,[22m[39m
[31m[1m                        description: true,[22m[39m
[31m[1m                        branchId: true[22m[39m
[31m[1m                      }[22m[39m
[31m[1m                    }[22m[39m
[31m[1m                  }[22m[39m
[31m[1m                }[22m[39m
[31m[1m              }[22m[39m
[31m[1m            }[22m[39m
[31m[1m          }[22m[39m
[31m[1m        })[22m[39m

[31m[1mArgument `take`: Invalid value provided. Expected Int, provided String.[22m[39m
[2025-06-11 06:56:45] [31m[1merror[22m[39m : [31m[1m[Handled] Failed to fetch specialists[22m[39m
[2025-06-11 06:56:45] [35mhttp[39m : [35m[35mGET[35m [37m/api/v1/specialists?page=1&limit=10&term=Zee%20morn&serviceId=7beb345d-c6ee-4a48-b1b8-d33bf1c8aaf4[35m [31m500[35m [90m36.588 ms[35m[39m
[2025-06-11 06:57:29] [36mdebug[39m : [36m✅ Connected to database via Prisma[39m
[2025-06-11 06:57:29] [36mdebug[39m : [36m🚀 App started in development mode on port 2017[39m
[2025-06-11 06:58:00] [36mdebug[39m : [36m✅ Connected to database via Prisma[39m
[2025-06-11 06:58:00] [36mdebug[39m : [36m🚀 App started in development mode on port 2017[39m
[2025-06-11 06:58:19] [36mdebug[39m : [36m✅ Connected to database via Prisma[39m
[2025-06-11 06:58:19] [36mdebug[39m : [36m🚀 App started in development mode on port 2017[39m
[2025-06-11 06:58:26] [32minfo[39m : [32m%%%%%%%%%%%%%%%%%%%%%%%%%%%%%%%%%%%%%%[39m
[2025-06-11 06:58:26] [32minfo[39m : [32mheaders --> {[39m
[32m  "content-type": "text/plain",[39m
[32m  "user-agent": "PostmanRuntime/7.44.0",[39m
[32m  "accept": "*/*",[39m
[32m  "postman-token": "222f96ef-166c-4b69-89b7-9cd0254d2517",[39m
[32m  "host": "localhost:2017",[39m
[32m  "accept-encoding": "gzip, deflate, br",[39m
[32m  "connection": "keep-alive",[39m
[32m  "content-length": "448"[39m
[32m}[39m
[2025-06-11 06:58:26] [32minfo[39m : [32mquery --> {[39m
[32m  "page": "1",[39m
[32m  "limit": "10",[39m
[32m  "term": "Zee morn",[39m
[32m  "serviceId": "7beb345d-c6ee-4a48-b1b8-d33bf1c8aaf4"[39m
[32m}[39m
[2025-06-11 06:58:26] [35mhttp[39m : [35m[35mGET[35m [37m/api/v1/specialists?page=1&limit=10&term=Zee%20morn&serviceId=7beb345d-c6ee-4a48-b1b8-d33bf1c8aaf4[35m [32m200[35m [90m55.856 ms[35m[39m
[2025-06-11 06:59:11] [32minfo[39m : [32m%%%%%%%%%%%%%%%%%%%%%%%%%%%%%%%%%%%%%%[39m
[2025-06-11 06:59:11] [32minfo[39m : [32mheaders --> {[39m
[32m  "content-type": "application/json",[39m
[32m  "user-agent": "PostmanRuntime/7.44.0",[39m
[32m  "accept": "*/*",[39m
[32m  "postman-token": "e2fb6c92-f1d7-4f57-aaf6-5a434f613023",[39m
[32m  "host": "localhost:2017",[39m
[32m  "accept-encoding": "gzip, deflate, br",[39m
[32m  "connection": "keep-alive",[39m
[32m  "content-length": "496"[39m
[32m}[39m
[2025-06-11 06:59:11] [32minfo[39m : [32mbody --> [object Object][39m
[2025-06-11 06:59:11] [31m[1merror[22m[39m : [31m[1m[Handled] Invalid request: 'branches' must be a non-empty array[22m[39m
[2025-06-11 06:59:11] [35mhttp[39m : [35m[35mPOST[35m [37m/api/v1/branches[35m [33m400[35m [90m2.323 ms[35m[39m
[2025-06-11 06:59:42] [36mdebug[39m : [36m✅ Connected to database via Prisma[39m
[2025-06-11 06:59:42] [36mdebug[39m : [36m🚀 App started in development mode on port 2017[39m
[2025-06-11 07:00:05] [36mdebug[39m : [36m✅ Connected to database via Prisma[39m
[2025-06-11 07:00:05] [36mdebug[39m : [36m🚀 App started in development mode on port 2017[39m
[2025-06-11 07:00:17] [36mdebug[39m : [36m✅ Connected to database via Prisma[39m
[2025-06-11 07:00:17] [36mdebug[39m : [36m🚀 App started in development mode on port 2017[39m
[2025-06-11 07:00:31] [32minfo[39m : [32m%%%%%%%%%%%%%%%%%%%%%%%%%%%%%%%%%%%%%%[39m
[2025-06-11 07:00:31] [32minfo[39m : [32mheaders --> {[39m
[32m  "content-type": "text/plain",[39m
[32m  "user-agent": "PostmanRuntime/7.44.0",[39m
[32m  "accept": "*/*",[39m
[32m  "postman-token": "8bcef2c6-8de7-4bf0-94b3-02d085492459",[39m
[32m  "host": "localhost:2017",[39m
[32m  "accept-encoding": "gzip, deflate, br",[39m
[32m  "connection": "keep-alive",[39m
[32m  "content-length": "448"[39m
[32m}[39m
[2025-06-11 07:00:31] [32minfo[39m : [32mquery --> {[39m
[32m  "page": "1",[39m
[32m  "limit": "10",[39m
[32m  "term": "Zee morn",[39m
[32m  "serviceId": "7beb345d-c6ee-4a48-b1b8-d33bf1c8aaf4"[39m
[32m}[39m
[2025-06-11 07:00:31] [35mhttp[39m : [35m[35mGET[35m [37m/api/v1/specialists?page=1&limit=10&term=Zee%20morn&serviceId=7beb345d-c6ee-4a48-b1b8-d33bf1c8aaf4[35m [32m200[35m [90m60.951 ms[35m[39m
[2025-06-11 07:00:40] [32minfo[39m : [32m%%%%%%%%%%%%%%%%%%%%%%%%%%%%%%%%%%%%%%[39m
[2025-06-11 07:00:40] [32minfo[39m : [32mheaders --> {[39m
[32m  "user-agent": "PostmanRuntime/7.44.0",[39m
[32m  "accept": "*/*",[39m
[32m  "postman-token": "780f31fa-745a-4b20-aa07-d425c25b43d5",[39m
[32m  "host": "localhost:2017",[39m
[32m  "accept-encoding": "gzip, deflate, br",[39m
[32m  "connection": "keep-alive"[39m
[32m}[39m
[2025-06-11 07:00:40] [32minfo[39m : [32mquery --> {[39m
[32m  "page": "1",[39m
[32m  "limit": "1"[39m
[32m}[39m
[2025-06-11 07:00:40] [35mhttp[39m : [35m[35mGET[35m [37m/api/v1/services?page=1&limit=1[35m [32m200[35m [90m4.984 ms[35m[39m
[2025-06-11 07:00:45] [32minfo[39m : [32m%%%%%%%%%%%%%%%%%%%%%%%%%%%%%%%%%%%%%%[39m
[2025-06-11 07:00:45] [32minfo[39m : [32mheaders --> {[39m
[32m  "content-type": "text/plain",[39m
[32m  "user-agent": "PostmanRuntime/7.44.0",[39m
[32m  "accept": "*/*",[39m
[32m  "postman-token": "3f64494c-5f17-4a93-92d3-17fe32f544d6",[39m
[32m  "host": "localhost:2017",[39m
[32m  "accept-encoding": "gzip, deflate, br",[39m
[32m  "connection": "keep-alive",[39m
[32m  "content-length": "448"[39m
[32m}[39m
[2025-06-11 07:00:45] [32minfo[39m : [32mquery --> {[39m
[32m  "page": "1",[39m
[32m  "limit": "10",[39m
[32m  "term": "Zee morn",[39m
[32m  "serviceId": "7beb345d-c6ee-4a48-b1b8-d33bf1c8aaf4"[39m
[32m}[39m
[2025-06-11 07:00:45] [35mhttp[39m : [35m[35mGET[35m [37m/api/v1/specialists?page=1&limit=10&term=Zee%20morn&serviceId=7beb345d-c6ee-4a48-b1b8-d33bf1c8aaf4[35m [32m200[35m [90m6.502 ms[35m[39m
[2025-06-11 07:03:17] [32minfo[39m : [32m%%%%%%%%%%%%%%%%%%%%%%%%%%%%%%%%%%%%%%[39m
[2025-06-11 07:03:17] [32minfo[39m : [32mheaders --> {[39m
[32m  "content-type": "application/json",[39m
[32m  "user-agent": "PostmanRuntime/7.44.0",[39m
[32m  "accept": "*/*",[39m
[32m  "postman-token": "f2ed951d-7056-4381-8401-2f53de316055",[39m
[32m  "host": "localhost:2017",[39m
[32m  "accept-encoding": "gzip, deflate, br",[39m
[32m  "connection": "keep-alive",[39m
[32m  "content-length": "692"[39m
[32m}[39m
[2025-06-11 07:03:17] [32minfo[39m : [32mbody --> [object Object][39m
[2025-06-11 07:03:17] [35mhttp[39m : [35m[35mPOST[35m [37m/api/v1/branches[35m [33m400[35m [90m1.041 ms[35m[39m
[2025-06-11 07:05:44] [36mdebug[39m : [36m✅ Connected to database via Prisma[39m
[2025-06-11 07:05:44] [36mdebug[39m : [36m🚀 App started in development mode on port 2017[39m
[2025-06-11 07:05:54] [32minfo[39m : [32m%%%%%%%%%%%%%%%%%%%%%%%%%%%%%%%%%%%%%%[39m
[2025-06-11 07:05:54] [32minfo[39m : [32mheaders --> {[39m
[32m  "content-type": "application/json",[39m
[32m  "user-agent": "PostmanRuntime/7.44.0",[39m
[32m  "accept": "*/*",[39m
[32m  "postman-token": "0ca1b715-ed39-4937-b460-d86da46ede15",[39m
[32m  "host": "localhost:2017",[39m
[32m  "accept-encoding": "gzip, deflate, br",[39m
[32m  "connection": "keep-alive",[39m
[32m  "content-length": "692"[39m
[32m}[39m
[2025-06-11 07:05:54] [32minfo[39m : [32mbody --> [object Object][39m
[2025-06-11 07:05:54] [35mhttp[39m : [35m[35mPOST[35m [37m/api/v1/branches[35m [32m200[35m [90m148.030 ms[35m[39m
[2025-06-11 07:06:23] [32minfo[39m : [32m%%%%%%%%%%%%%%%%%%%%%%%%%%%%%%%%%%%%%%[39m
[2025-06-11 07:06:23] [32minfo[39m : [32mheaders --> {[39m
[32m  "user-agent": "PostmanRuntime/7.44.0",[39m
[32m  "accept": "*/*",[39m
[32m  "postman-token": "e7fb1026-0be0-444f-b854-1fa23761bef7",[39m
[32m  "host": "localhost:2017",[39m
[32m  "accept-encoding": "gzip, deflate, br",[39m
[32m  "connection": "keep-alive"[39m
[32m}[39m
[2025-06-11 07:06:23] [32minfo[39m : [32mquery --> {[39m
[32m  "term": "ikeja",[39m
[32m  "page": "1",[39m
[32m  "limit": "10"[39m
[32m}[39m
[2025-06-11 07:06:23] [35mhttp[39m : [35m[35mGET[35m [37m/api/v1/branches?term=ikeja&page=1&limit=10[35m [32m200[35m [90m15.369 ms[35m[39m
[2025-06-11 07:06:30] [32minfo[39m : [32m%%%%%%%%%%%%%%%%%%%%%%%%%%%%%%%%%%%%%%[39m
[2025-06-11 07:06:30] [32minfo[39m : [32mheaders --> {[39m
[32m  "user-agent": "PostmanRuntime/7.44.0",[39m
[32m  "accept": "*/*",[39m
[32m  "postman-token": "817ee0c7-249c-4f45-b663-1fcdabf64ab8",[39m
[32m  "host": "localhost:2017",[39m
[32m  "accept-encoding": "gzip, deflate, br",[39m
[32m  "connection": "keep-alive"[39m
[32m}[39m
[2025-06-11 07:06:30] [32minfo[39m : [32mquery --> {[39m
[32m  "page": "1",[39m
[32m  "limit": "10"[39m
[32m}[39m
[2025-06-11 07:06:30] [35mhttp[39m : [35m[35mGET[35m [37m/api/v1/branches?page=1&limit=10[35m [32m200[35m [90m3.871 ms[35m[39m
[2025-06-11 07:07:14] [32minfo[39m : [32m%%%%%%%%%%%%%%%%%%%%%%%%%%%%%%%%%%%%%%[39m
[2025-06-11 07:07:14] [32minfo[39m : [32mheaders --> {[39m
[32m  "content-type": "application/json",[39m
[32m  "user-agent": "PostmanRuntime/7.44.0",[39m
[32m  "accept": "*/*",[39m
[32m  "postman-token": "33d614fa-05a8-4677-83cb-6d737ed1ebef",[39m
[32m  "host": "localhost:2017",[39m
[32m  "accept-encoding": "gzip, deflate, br",[39m
[32m  "connection": "keep-alive",[39m
[32m  "content-length": "1123"[39m
[32m}[39m
[2025-06-11 07:07:14] [32minfo[39m : [32mbody --> [object Object][39m
[2025-06-11 07:07:14] [31m[1merror[22m[39m : [31m[1mError creating branches: - Invalid request: 'services' must be a non-empty array[22m[39m
[2025-06-11 07:07:14] [31m[1merror[22m[39m : [31m[1m[Handled] Failed to create services![22m[39m
[2025-06-11 07:07:14] [35mhttp[39m : [35m[35mPOST[35m [37m/api/v1/services[35m [31m500[35m [90m9.468 ms[35m[39m
[2025-06-11 07:10:37] [36mdebug[39m : [36m✅ Connected to database via Prisma[39m
[2025-06-11 07:10:37] [36mdebug[39m : [36m🚀 App started in development mode on port 2017[39m
[2025-06-11 07:12:50] [32minfo[39m : [32m%%%%%%%%%%%%%%%%%%%%%%%%%%%%%%%%%%%%%%[39m
[2025-06-11 07:12:50] [32minfo[39m : [32mheaders --> {[39m
[32m  "content-type": "application/json",[39m
[32m  "user-agent": "PostmanRuntime/7.44.0",[39m
[32m  "accept": "*/*",[39m
[32m  "postman-token": "a5c5f2d9-b63c-4347-900b-448615caf518",[39m
[32m  "host": "localhost:2017",[39m
[32m  "accept-encoding": "gzip, deflate, br",[39m
[32m  "connection": "keep-alive",[39m
[32m  "content-length": "501"[39m
[32m}[39m
[2025-06-11 07:12:50] [32minfo[39m : [32mbody --> [object Object][39m
[2025-06-11 07:12:50] [35mhttp[39m : [35m[35mPOST[35m [37m/api/v1/services[35m [32m200[35m [90m50.105 ms[35m[39m
[2025-06-11 07:14:09] [32minfo[39m : [32m%%%%%%%%%%%%%%%%%%%%%%%%%%%%%%%%%%%%%%[39m
[2025-06-11 07:14:09] [32minfo[39m : [32mheaders --> {[39m
[32m  "content-type": "application/json",[39m
[32m  "user-agent": "PostmanRuntime/7.44.0",[39m
[32m  "accept": "*/*",[39m
[32m  "postman-token": "d028b89f-5398-431a-9fa9-4ee5d7a2ba85",[39m
[32m  "host": "localhost:2017",[39m
[32m  "accept-encoding": "gzip, deflate, br",[39m
[32m  "connection": "keep-alive",[39m
[32m  "content-length": "448"[39m
[32m}[39m
[2025-06-11 07:14:09] [32minfo[39m : [32mbody --> [object Object][39m
[2025-06-11 07:14:09] [35mhttp[39m : [35m[35mPOST[35m [37m/api/v1/specialists[35m [32m200[35m [90m25.795 ms[35m[39m
[2025-06-11 07:17:16] [36mdebug[39m : [36m✅ Connected to database via Prisma[39m
[2025-06-11 07:17:16] [36mdebug[39m : [36m🚀 App started in development mode on port 2017[39m
[2025-06-11 07:17:27] [36mdebug[39m : [36m✅ Connected to database via Prisma[39m
[2025-06-11 07:17:27] [36mdebug[39m : [36m🚀 App started in development mode on port 2017[39m
[2025-06-11 07:21:41] [36mdebug[39m : [36m✅ Connected to database via Prisma[39m
[2025-06-11 07:21:41] [36mdebug[39m : [36m🚀 App started in development mode on port 2017[39m
[2025-06-11 15:56:05] [32minfo[39m : [32m%%%%%%%%%%%%%%%%%%%%%%%%%%%%%%%%%%%%%%[39m
[2025-06-11 15:56:05] [32minfo[39m : [32mheaders --> {[39m
[32m  "content-type": "application/json",[39m
[32m  "user-agent": "PostmanRuntime/7.44.0",[39m
[32m  "accept": "*/*",[39m
[32m  "postman-token": "e08e437e-9217-40d5-8b1c-3f5be32576b2",[39m
[32m  "host": "localhost:2017",[39m
[32m  "accept-encoding": "gzip, deflate, br",[39m
[32m  "connection": "keep-alive",[39m
[32m  "content-length": "310"[39m
[32m}[39m
[2025-06-11 15:56:05] [32minfo[39m : [32mbody --> [object Object][39m
[2025-06-11 15:56:05] [35mhttp[39m : [35m[35mPOST[35m [37m/api/v1/specialists[35m [33m400[35m [90m10.939 ms[35m[39m
[2025-06-11 15:59:42] [32minfo[39m : [32m%%%%%%%%%%%%%%%%%%%%%%%%%%%%%%%%%%%%%%[39m
[2025-06-11 15:59:42] [32minfo[39m : [32mheaders --> {[39m
[32m  "content-type": "application/json",[39m
[32m  "user-agent": "PostmanRuntime/7.44.0",[39m
[32m  "accept": "*/*",[39m
[32m  "postman-token": "0193f64d-7016-41ab-b3c6-6fd4c3d96d72",[39m
[32m  "host": "localhost:2017",[39m
[32m  "accept-encoding": "gzip, deflate, br",[39m
[32m  "connection": "keep-alive",[39m
[32m  "content-length": "386"[39m
[32m}[39m
[2025-06-11 15:59:42] [32minfo[39m : [32mbody --> [object Object][39m
[2025-06-11 15:59:42] [31m[1merror[22m[39m : [31m[1m[Unhandled] this.specialistService.createSpecialist is not a function - this.specialistService.createSpecialist is not a function[22m[39m
[2025-06-11 15:59:42] [35mhttp[39m : [35m[35mPOST[35m [37m/api/v1/specialists[35m [31m500[35m [90m14.689 ms[35m[39m
[2025-06-11 16:00:21] [36mdebug[39m : [36m✅ Connected to database via Prisma[39m
[2025-06-11 16:00:21] [36mdebug[39m : [36m🚀 App started in development mode on port 2017[39m
[2025-06-11 16:00:30] [32minfo[39m : [32m%%%%%%%%%%%%%%%%%%%%%%%%%%%%%%%%%%%%%%[39m
[2025-06-11 16:00:30] [32minfo[39m : [32mheaders --> {[39m
[32m  "content-type": "application/json",[39m
[32m  "user-agent": "PostmanRuntime/7.44.0",[39m
[32m  "accept": "*/*",[39m
[32m  "postman-token": "4011b678-219a-4f95-92a5-2bd8b2be0144",[39m
[32m  "host": "localhost:2017",[39m
[32m  "accept-encoding": "gzip, deflate, br",[39m
[32m  "connection": "keep-alive",[39m
[32m  "content-length": "386"[39m
[32m}[39m
[2025-06-11 16:00:30] [32minfo[39m : [32mbody --> [object Object][39m
[2025-06-11 16:00:30] [31m[1merror[22m[39m : [31m[1m[Handled] Invalid request: 'specialists' must be a non-empty array[22m[39m
[2025-06-11 16:00:30] [35mhttp[39m : [35m[35mPOST[35m [37m/api/v1/specialists[35m [33m400[35m [90m5.527 ms[35m[39m
[2025-06-11 16:02:04] [36mdebug[39m : [36m✅ Connected to database via Prisma[39m
[2025-06-11 16:02:04] [36mdebug[39m : [36m🚀 App started in development mode on port 2017[39m
[2025-06-11 16:02:07] [36mdebug[39m : [36m✅ Connected to database via Prisma[39m
[2025-06-11 16:02:07] [36mdebug[39m : [36m🚀 App started in development mode on port 2017[39m
[2025-06-11 16:02:17] [32minfo[39m : [32m%%%%%%%%%%%%%%%%%%%%%%%%%%%%%%%%%%%%%%[39m
[2025-06-11 16:02:17] [32minfo[39m : [32mheaders --> {[39m
[32m  "content-type": "application/json",[39m
[32m  "user-agent": "PostmanRuntime/7.44.0",[39m
[32m  "accept": "*/*",[39m
[32m  "postman-token": "ff884fff-87bf-45fc-9f6d-6f457f9a2bab",[39m
[32m  "host": "localhost:2017",[39m
[32m  "accept-encoding": "gzip, deflate, br",[39m
[32m  "connection": "keep-alive",[39m
[32m  "content-length": "386"[39m
[32m}[39m
[2025-06-11 16:02:17] [32minfo[39m : [32mbody --> [object Object][39m
[2025-06-11 16:02:17] [31m[1merror[22m[39m : [31m[1m[Handled] Invalid request: 'specialists' must be a non-empty array[22m[39m
[2025-06-11 16:02:17] [35mhttp[39m : [35m[35mPOST[35m [37m/api/v1/specialists[35m [33m400[35m [90m5.475 ms[35m[39m
[2025-06-11 16:05:27] [36mdebug[39m : [36m✅ Connected to database via Prisma[39m
[2025-06-11 16:05:27] [36mdebug[39m : [36m🚀 App started in development mode on port 2017[39m
[2025-06-11 16:05:36] [32minfo[39m : [32m%%%%%%%%%%%%%%%%%%%%%%%%%%%%%%%%%%%%%%[39m
[2025-06-11 16:05:36] [32minfo[39m : [32mheaders --> {[39m
[32m  "content-type": "application/json",[39m
[32m  "user-agent": "PostmanRuntime/7.44.0",[39m
[32m  "accept": "*/*",[39m
[32m  "postman-token": "885d31ea-a622-4097-9d30-67cc86d8a9ed",[39m
[32m  "host": "localhost:2017",[39m
[32m  "accept-encoding": "gzip, deflate, br",[39m
[32m  "connection": "keep-alive",[39m
[32m  "content-length": "386"[39m
[32m}[39m
[2025-06-11 16:05:36] [32minfo[39m : [32mbody --> [object Object][39m
[2025-06-11 16:05:36] [31m[1merror[22m[39m : [31m[1m[Handled] Invalid request: 'specialists' must be a non-empty array[22m[39m
[2025-06-11 16:05:36] [35mhttp[39m : [35m[35mPOST[35m [37m/api/v1/specialists[35m [33m400[35m [90m5.296 ms[35m[39m
[2025-06-11 16:53:36] [36mdebug[39m : [36m✅ Connected to database via Prisma[39m
[2025-06-11 16:53:36] [36mdebug[39m : [36m🚀 App started in development mode on port 2017[39m
[2025-06-11 16:53:51] [36mdebug[39m : [36m✅ Connected to database via Prisma[39m
[2025-06-11 16:53:51] [36mdebug[39m : [36m🚀 App started in development mode on port 2017[39m
[2025-06-11 16:54:01] [36mdebug[39m : [36m✅ Connected to database via Prisma[39m
[2025-06-11 16:54:01] [36mdebug[39m : [36m🚀 App started in development mode on port 2017[39m
[2025-06-11 16:54:13] [32minfo[39m : [32m%%%%%%%%%%%%%%%%%%%%%%%%%%%%%%%%%%%%%%[39m
[2025-06-11 16:54:13] [32minfo[39m : [32mheaders --> {[39m
[32m  "content-type": "application/json",[39m
[32m  "user-agent": "PostmanRuntime/7.44.0",[39m
[32m  "accept": "*/*",[39m
[32m  "postman-token": "74dbdbb5-c989-454f-9a6f-4fef9dbea657",[39m
[32m  "host": "localhost:2017",[39m
[32m  "accept-encoding": "gzip, deflate, br",[39m
[32m  "connection": "keep-alive",[39m
[32m  "content-length": "386"[39m
[32m}[39m
[2025-06-11 16:54:13] [32minfo[39m : [32mbody --> [object Object][39m
[2025-06-11 16:54:14] [35mhttp[39m : [35m[35mPOST[35m [37m/api/v1/specialists[35m [32m200[35m [90m105.722 ms[35m[39m
[2025-06-11 16:54:28] [32minfo[39m : [32m%%%%%%%%%%%%%%%%%%%%%%%%%%%%%%%%%%%%%%[39m
[2025-06-11 16:54:28] [32minfo[39m : [32mheaders --> {[39m
[32m  "content-type": "text/plain",[39m
[32m  "user-agent": "PostmanRuntime/7.44.0",[39m
[32m  "accept": "*/*",[39m
[32m  "postman-token": "1d334333-d238-494b-a9bb-3c498ec5bba1",[39m
[32m  "host": "localhost:2017",[39m
[32m  "accept-encoding": "gzip, deflate, br",[39m
[32m  "connection": "keep-alive",[39m
[32m  "content-length": "448"[39m
[32m}[39m
[2025-06-11 16:54:28] [32minfo[39m : [32mquery --> {[39m
[32m  "page": "1",[39m
[32m  "limit": "10",[39m
[32m  "term": "Zee morn",[39m
[32m  "serviceId": "7beb345d-c6ee-4a48-b1b8-d33bf1c8aaf4"[39m
[32m}[39m
[2025-06-11 16:54:28] [35mhttp[39m : [35m[35mGET[35m [37m/api/v1/specialists?page=1&limit=10&term=Zee%20morn&serviceId=7beb345d-c6ee-4a48-b1b8-d33bf1c8aaf4[35m [32m200[35m [90m52.027 ms[35m[39m
